<?xml version="1.0" encoding="UTF-8"?>
<!-- Generated by org.testng.reporters.JUnitReportReporter -->
<testsuite skipped="0" hostname="ALIPL1537" name="com.project.home.HomePageTest" tests="1" failures="0" timestamp="08 Feb 2023 13:11:49 GMT" time="24.064" errors="0">
  <testcase name="test" time="24.064" classname="com.project.home.HomePageTest"/>
</testsuite> <!-- com.project.home.HomePageTest -->
