<?xml version="1.0" encoding="UTF-8"?>
<!-- Generated by org.testng.reporters.JUnitReportReporter -->
<testsuite skipped="0" hostname="ALIPL1537" name="com.project.home.HomePageTest" tests="1" failures="0" timestamp="31 Jan 2023 11:24:57 GMT" time="142.155" errors="0">
  <testcase name="test" time="142.155" classname="com.project.home.HomePageTest"/>
</testsuite> <!-- com.project.home.HomePageTest -->
